#! /c/Source/iverilog-install/bin/vvp
:ivl_version "12.0 (devel)" "(s20150603-1539-g2693dd32b)";
:ivl_delay_selection "TYPICAL";
:vpi_time_precision - 12;
:vpi_module "C:\iverilog\lib\ivl\system.vpi";
:vpi_module "C:\iverilog\lib\ivl\vhdl_sys.vpi";
:vpi_module "C:\iverilog\lib\ivl\vhdl_textio.vpi";
:vpi_module "C:\iverilog\lib\ivl\v2005_math.vpi";
:vpi_module "C:\iverilog\lib\ivl\va_math.vpi";
:vpi_module "C:\iverilog\lib\ivl\v2009.vpi";
S_000002684ebd6540 .scope package, "$unit" "$unit" 2 1;
 .timescale 0 0;
S_000002684eb9cac0 .scope module, "tb_sha256" "tb_sha256" 3 3;
 .timescale -9 -12;
v000002684ec09f20_0 .var "block", 511 0;
v000002684ec09b60_0 .var "clk", 0 0;
v000002684ec0a240_0 .net "done", 0 0, L_000002684ec9bd00;  1 drivers
v000002684ec0a560_0 .net "hash", 255 0, L_000002684ec09ac0;  1 drivers
v000002684ec0a920_0 .var "rst", 0 0;
v000002684ec09fc0_0 .var "start", 0 0;
E_000002684ebbc920 .event posedge, v000002684ec06a00_0;
S_000002684eb9cc50 .scope module, "dut" "sha256_top" 3 13, 4 290 0, S_000002684eb9cac0;
 .timescale 0 0;
    .port_info 0 /INPUT 1 "clk";
    .port_info 1 /INPUT 1 "rst";
    .port_info 2 /INPUT 1 "start";
    .port_info 3 /INPUT 512 "block";
    .port_info 4 /OUTPUT 256 "hash";
    .port_info 5 /OUTPUT 1 "done";
L_000002684ec410a8 .functor BUFT 1, C4<0110101000001001111001100110011110111011011001111010111010000101001111000110111011110011011100101010010101001111111101010011101001010001000011100101001001111111100110110000010101101000100011000001111110000011110110011010101101011011111000001100110100011001>, C4<0>, C4<0>, C4<0>;
v000002684ec06e60_0 .net "H0", 255 0, L_000002684ec410a8;  1 drivers
v000002684ec06f00_0 .net "block", 511 0, v000002684ec09f20_0;  1 drivers
v000002684ec07040_0 .net "clk", 0 0, v000002684ec09b60_0;  1 drivers
v000002684ec07220_0 .net "done", 0 0, L_000002684ec9bd00;  alias, 1 drivers
v000002684ec09de0_0 .net "hash", 255 0, L_000002684ec09ac0;  alias, 1 drivers
v000002684ec0a1a0_0 .net "rst", 0 0, v000002684ec0a920_0;  1 drivers
v000002684ec0b0a0_0 .net "start", 0 0, v000002684ec09fc0_0;  1 drivers
S_000002684eb72340 .scope module, "H_init" "sha256_H_0" 4 301, 4 1 0, S_000002684eb9cc50;
 .timescale 0 0;
    .port_info 0 /OUTPUT 256 "H_0";
v000002684ebd2cd0_0 .net "H_0", 255 0, L_000002684ec410a8;  alias, 1 drivers
S_000002684eb724d0 .scope module, "dut" "sha256_block" 4 305, 4 206 0, S_000002684eb9cc50;
 .timescale 0 0;
    .port_info 0 /INPUT 1 "clk";
    .port_info 1 /INPUT 1 "rst";
    .port_info 2 /INPUT 256 "H_in";
    .port_info 3 /INPUT 512 "M_in";
    .port_info 4 /INPUT 1 "input_valid";
    .port_info 5 /OUTPUT 256 "H_out";
    .port_info 6 /OUTPUT 1 "output_valid";
v000002684ec05c10_0 .net "H_in", 255 0, L_000002684ec410a8;  alias, 1 drivers
v000002684ec041d0_0 .net "H_out", 255 0, L_000002684ec09ac0;  alias, 1 drivers
v000002684ec04310_0 .net "Kj", 31 0, L_000002684ec9d140;  1 drivers
v000002684ec05710_0 .net "M_in", 511 0, v000002684ec09f20_0;  alias, 1 drivers
v000002684ec050d0_0 .net "W_tm15", 31 0, L_000002684ec9c8e0;  1 drivers
v000002684ec043b0_0 .net "W_tm2", 31 0, L_000002684ec9c840;  1 drivers
v000002684ec05d50_0 .net "Wj", 31 0, L_000002684ec9bb20;  1 drivers
v000002684ec05df0_0 .net *"_ivl_100", 31 0, L_000002684ec09700;  1 drivers
v000002684ec04630_0 .net *"_ivl_102", 31 0, L_000002684ec097a0;  1 drivers
v000002684ec04c70_0 .net *"_ivl_104", 31 0, L_000002684ec09840;  1 drivers
v000002684ec04db0_0 .net *"_ivl_106", 31 0, L_000002684ec0ace0;  1 drivers
v000002684ec05fd0_0 .net *"_ivl_108", 31 0, L_000002684ec098e0;  1 drivers
v000002684ec057b0_0 .net *"_ivl_110", 31 0, L_000002684ec09980;  1 drivers
v000002684ec05a30_0 .net *"_ivl_114", 31 0, L_000002684ec9bf80;  1 drivers
L_000002684ec41570 .functor BUFT 1, C4<0000000000000000000000000>, C4<0>, C4<0>, C4<0>;
v000002684ec05850_0 .net *"_ivl_117", 24 0, L_000002684ec41570;  1 drivers
L_000002684ec415b8 .functor BUFT 1, C4<00000000000000000000000001000000>, C4<0>, C4<0>, C4<0>;
v000002684ec05210_0 .net/2u *"_ivl_118", 31 0, L_000002684ec415b8;  1 drivers
v000002684ec04e50_0 .net *"_ivl_122", 31 0, L_000002684ec9eae0;  1 drivers
L_000002684ec41690 .functor BUFT 1, C4<000000000000000000000000000000>, C4<0>, C4<0>, C4<0>;
v000002684ec05030_0 .net *"_ivl_125", 29 0, L_000002684ec41690;  1 drivers
L_000002684ec416d8 .functor BUFT 1, C4<00000000000000000000000000000000>, C4<0>, C4<0>, C4<0>;
v000002684ec055d0_0 .net/2u *"_ivl_126", 31 0, L_000002684ec416d8;  1 drivers
v000002684ec058f0_0 .net *"_ivl_16", 31 0, L_000002684ec09660;  1 drivers
L_000002684ec410f0 .functor BUFT 1, C4<000000000000000000000000000000>, C4<0>, C4<0>, C4<0>;
v000002684ec05170_0 .net *"_ivl_19", 29 0, L_000002684ec410f0;  1 drivers
L_000002684ec41138 .functor BUFT 1, C4<00000000000000000000000000000000>, C4<0>, C4<0>, C4<0>;
v000002684ec04ef0_0 .net/2u *"_ivl_20", 31 0, L_000002684ec41138;  1 drivers
v000002684ec05990_0 .net *"_ivl_22", 0 0, L_000002684ec0b000;  1 drivers
v000002684ec052b0_0 .net *"_ivl_26", 31 0, L_000002684ec09a20;  1 drivers
L_000002684ec41180 .functor BUFT 1, C4<000000000000000000000000000000>, C4<0>, C4<0>, C4<0>;
v000002684ec05e90_0 .net *"_ivl_29", 29 0, L_000002684ec41180;  1 drivers
L_000002684ec411c8 .functor BUFT 1, C4<00000000000000000000000000000000>, C4<0>, C4<0>, C4<0>;
v000002684ec05f30_0 .net/2u *"_ivl_30", 31 0, L_000002684ec411c8;  1 drivers
v000002684ec04d10_0 .net *"_ivl_32", 0 0, L_000002684ec0a100;  1 drivers
v000002684ec049f0_0 .net *"_ivl_36", 31 0, L_000002684ec09340;  1 drivers
L_000002684ec41210 .functor BUFT 1, C4<000000000000000000000000000000>, C4<0>, C4<0>, C4<0>;
v000002684ec04270_0 .net *"_ivl_39", 29 0, L_000002684ec41210;  1 drivers
L_000002684ec41258 .functor BUFT 1, C4<00000000000000000000000000000000>, C4<0>, C4<0>, C4<0>;
v000002684ec05ad0_0 .net/2u *"_ivl_40", 31 0, L_000002684ec41258;  1 drivers
v000002684ec04590_0 .net *"_ivl_42", 0 0, L_000002684ec0a4c0;  1 drivers
v000002684ec05b70_0 .net *"_ivl_46", 31 0, L_000002684ec0a600;  1 drivers
L_000002684ec412a0 .functor BUFT 1, C4<000000000000000000000000000000>, C4<0>, C4<0>, C4<0>;
v000002684ec06070_0 .net *"_ivl_49", 29 0, L_000002684ec412a0;  1 drivers
L_000002684ec412e8 .functor BUFT 1, C4<00000000000000000000000000000000>, C4<0>, C4<0>, C4<0>;
v000002684ec048b0_0 .net/2u *"_ivl_50", 31 0, L_000002684ec412e8;  1 drivers
v000002684ec04450_0 .net *"_ivl_52", 0 0, L_000002684ec092a0;  1 drivers
v000002684ec044f0_0 .net *"_ivl_56", 31 0, L_000002684ec0a740;  1 drivers
L_000002684ec41330 .functor BUFT 1, C4<000000000000000000000000000000>, C4<0>, C4<0>, C4<0>;
v000002684ec04b30_0 .net *"_ivl_59", 29 0, L_000002684ec41330;  1 drivers
L_000002684ec41378 .functor BUFT 1, C4<00000000000000000000000000000000>, C4<0>, C4<0>, C4<0>;
v000002684ec04950_0 .net/2u *"_ivl_60", 31 0, L_000002684ec41378;  1 drivers
v000002684ec05350_0 .net *"_ivl_62", 0 0, L_000002684ec0aec0;  1 drivers
v000002684ec046d0_0 .net *"_ivl_66", 31 0, L_000002684ec09d40;  1 drivers
L_000002684ec413c0 .functor BUFT 1, C4<000000000000000000000000000000>, C4<0>, C4<0>, C4<0>;
v000002684ec04770_0 .net *"_ivl_69", 29 0, L_000002684ec413c0;  1 drivers
L_000002684ec41408 .functor BUFT 1, C4<00000000000000000000000000000000>, C4<0>, C4<0>, C4<0>;
v000002684ec04810_0 .net/2u *"_ivl_70", 31 0, L_000002684ec41408;  1 drivers
v000002684ec04a90_0 .net *"_ivl_72", 0 0, L_000002684ec0a880;  1 drivers
v000002684ec04bd0_0 .net *"_ivl_76", 31 0, L_000002684ec09480;  1 drivers
L_000002684ec41450 .functor BUFT 1, C4<000000000000000000000000000000>, C4<0>, C4<0>, C4<0>;
v000002684ec04f90_0 .net *"_ivl_79", 29 0, L_000002684ec41450;  1 drivers
L_000002684ec41498 .functor BUFT 1, C4<00000000000000000000000000000000>, C4<0>, C4<0>, C4<0>;
v000002684ec053f0_0 .net/2u *"_ivl_80", 31 0, L_000002684ec41498;  1 drivers
v000002684ec05490_0 .net *"_ivl_82", 0 0, L_000002684ec0aa60;  1 drivers
v000002684ec074a0_0 .net *"_ivl_86", 31 0, L_000002684ec0aba0;  1 drivers
L_000002684ec414e0 .functor BUFT 1, C4<000000000000000000000000000000>, C4<0>, C4<0>, C4<0>;
v000002684ec07720_0 .net *"_ivl_89", 29 0, L_000002684ec414e0;  1 drivers
L_000002684ec41528 .functor BUFT 1, C4<00000000000000000000000000000000>, C4<0>, C4<0>, C4<0>;
v000002684ec07680_0 .net/2u *"_ivl_90", 31 0, L_000002684ec41528;  1 drivers
v000002684ec070e0_0 .net *"_ivl_92", 0 0, L_000002684ec09e80;  1 drivers
v000002684ec072c0_0 .net *"_ivl_96", 31 0, L_000002684ec09520;  1 drivers
v000002684ec07ae0_0 .net *"_ivl_98", 31 0, L_000002684ec095c0;  1 drivers
v000002684ec07a40_0 .net "a_d", 31 0, L_000002684ec9be40;  1 drivers
v000002684ec06280_0 .net "a_in", 31 0, L_000002684ec0a9c0;  1 drivers
v000002684ec07360_0 .net "a_next", 31 0, L_000002684ec0a380;  1 drivers
v000002684ec07400_0 .var "a_q", 31 0;
v000002684ec06640_0 .net "b_d", 31 0, v000002684ec00d90_0;  1 drivers
v000002684ec07cc0_0 .net "b_in", 31 0, L_000002684ec09200;  1 drivers
v000002684ec07860_0 .net "b_next", 31 0, L_000002684ec0a420;  1 drivers
v000002684ec066e0_0 .var "b_q", 31 0;
v000002684ec06460_0 .net "c_d", 31 0, v000002684ec00930_0;  1 drivers
v000002684ec06b40_0 .net "c_in", 31 0, L_000002684ec0a6a0;  1 drivers
v000002684ec07180_0 .net "c_next", 31 0, L_000002684ec09ca0;  1 drivers
v000002684ec06fa0_0 .var "c_q", 31 0;
v000002684ec07d60_0 .net "clk", 0 0, v000002684ec09b60_0;  alias, 1 drivers
v000002684ec07fe0_0 .net "d_d", 31 0, v000002684ec01c90_0;  1 drivers
v000002684ec08080_0 .net "d_in", 31 0, L_000002684ec0a2e0;  1 drivers
v000002684ec061e0_0 .net "d_next", 31 0, L_000002684ec0af60;  1 drivers
v000002684ec06320_0 .var "d_q", 31 0;
v000002684ec079a0_0 .net "e_d", 31 0, L_000002684ec9c2a0;  1 drivers
v000002684ec077c0_0 .net "e_in", 31 0, L_000002684ec0ad80;  1 drivers
v000002684ec07900_0 .net "e_next", 31 0, L_000002684ec0a7e0;  1 drivers
v000002684ec07b80_0 .var "e_q", 31 0;
v000002684ec07540_0 .net "f_d", 31 0, v000002684ec01d30_0;  1 drivers
v000002684ec063c0_0 .net "f_in", 31 0, L_000002684ec0a060;  1 drivers
v000002684ec068c0_0 .net "f_next", 31 0, L_000002684ec093e0;  1 drivers
v000002684ec07e00_0 .var "f_q", 31 0;
v000002684ec065a0_0 .net "g_d", 31 0, v000002684ec00570_0;  1 drivers
v000002684ec075e0_0 .net "g_in", 31 0, L_000002684ec09c00;  1 drivers
v000002684ec06500_0 .net "g_next", 31 0, L_000002684ec0ab00;  1 drivers
v000002684ec07c20_0 .var "g_q", 31 0;
v000002684ec07ea0_0 .net "h_d", 31 0, v000002684ec02440_0;  1 drivers
v000002684ec07f40_0 .net "h_in", 31 0, L_000002684ec0ae20;  1 drivers
v000002684ec06780_0 .net "h_next", 31 0, L_000002684ec0ac40;  1 drivers
v000002684ec06820_0 .var "h_q", 31 0;
v000002684ec06960_0 .net "input_valid", 0 0, v000002684ec09fc0_0;  alias, 1 drivers
v000002684ec06a00_0 .net "output_valid", 0 0, L_000002684ec9bd00;  alias, 1 drivers
v000002684ec06aa0_0 .var "round", 6 0;
v000002684ec06be0_0 .net "rst", 0 0, v000002684ec0a920_0;  alias, 1 drivers
v000002684ec06c80_0 .net "s0_Wtm15", 31 0, L_000002684ebce850;  1 drivers
v000002684ec06d20_0 .net "s1_Wtm2", 31 0, L_000002684ebb6eb0;  1 drivers
v000002684ec06dc0_0 .var "stall", 1 0;
L_000002684ec0a9c0 .part L_000002684ec410a8, 224, 32;
L_000002684ec09200 .part L_000002684ec410a8, 192, 32;
L_000002684ec0a6a0 .part L_000002684ec410a8, 160, 32;
L_000002684ec0a2e0 .part L_000002684ec410a8, 128, 32;
L_000002684ec0ad80 .part L_000002684ec410a8, 96, 32;
L_000002684ec0a060 .part L_000002684ec410a8, 64, 32;
L_000002684ec09c00 .part L_000002684ec410a8, 32, 32;
L_000002684ec0ae20 .part L_000002684ec410a8, 0, 32;
L_000002684ec09660 .concat [ 2 30 0 0], v000002684ec06dc0_0, L_000002684ec410f0;
L_000002684ec0b000 .cmp/gt 32, L_000002684ec09660, L_000002684ec41138;
L_000002684ec0a380 .functor MUXZ 32, L_000002684ec9be40, v000002684ec07400_0, L_000002684ec0b000, C4<>;
L_000002684ec09a20 .concat [ 2 30 0 0], v000002684ec06dc0_0, L_000002684ec41180;
L_000002684ec0a100 .cmp/gt 32, L_000002684ec09a20, L_000002684ec411c8;
L_000002684ec0a420 .functor MUXZ 32, v000002684ec00d90_0, v000002684ec066e0_0, L_000002684ec0a100, C4<>;
L_000002684ec09340 .concat [ 2 30 0 0], v000002684ec06dc0_0, L_000002684ec41210;
L_000002684ec0a4c0 .cmp/gt 32, L_000002684ec09340, L_000002684ec41258;
L_000002684ec09ca0 .functor MUXZ 32, v000002684ec00930_0, v000002684ec06fa0_0, L_000002684ec0a4c0, C4<>;
L_000002684ec0a600 .concat [ 2 30 0 0], v000002684ec06dc0_0, L_000002684ec412a0;
L_000002684ec092a0 .cmp/gt 32, L_000002684ec0a600, L_000002684ec412e8;
L_000002684ec0af60 .functor MUXZ 32, v000002684ec01c90_0, v000002684ec06320_0, L_000002684ec092a0, C4<>;
L_000002684ec0a740 .concat [ 2 30 0 0], v000002684ec06dc0_0, L_000002684ec41330;
L_000002684ec0aec0 .cmp/gt 32, L_000002684ec0a740, L_000002684ec41378;
L_000002684ec0a7e0 .functor MUXZ 32, L_000002684ec9c2a0, v000002684ec07b80_0, L_000002684ec0aec0, C4<>;
L_000002684ec09d40 .concat [ 2 30 0 0], v000002684ec06dc0_0, L_000002684ec413c0;
L_000002684ec0a880 .cmp/gt 32, L_000002684ec09d40, L_000002684ec41408;
L_000002684ec093e0 .functor MUXZ 32, v000002684ec01d30_0, v000002684ec07e00_0, L_000002684ec0a880, C4<>;
L_000002684ec09480 .concat [ 2 30 0 0], v000002684ec06dc0_0, L_000002684ec41450;
L_000002684ec0aa60 .cmp/gt 32, L_000002684ec09480, L_000002684ec41498;
L_000002684ec0ab00 .functor MUXZ 32, v000002684ec00570_0, v000002684ec07c20_0, L_000002684ec0aa60, C4<>;
L_000002684ec0aba0 .concat [ 2 30 0 0], v000002684ec06dc0_0, L_000002684ec414e0;
L_000002684ec09e80 .cmp/gt 32, L_000002684ec0aba0, L_000002684ec41528;
L_000002684ec0ac40 .functor MUXZ 32, v000002684ec02440_0, v000002684ec06820_0, L_000002684ec09e80, C4<>;
L_000002684ec09520 .arith/sum 32, L_000002684ec0a9c0, v000002684ec07400_0;
L_000002684ec095c0 .arith/sum 32, L_000002684ec09200, v000002684ec066e0_0;
L_000002684ec09700 .arith/sum 32, L_000002684ec0a6a0, v000002684ec06fa0_0;
L_000002684ec097a0 .arith/sum 32, L_000002684ec0a2e0, v000002684ec06320_0;
L_000002684ec09840 .arith/sum 32, L_000002684ec0ad80, v000002684ec07b80_0;
L_000002684ec0ace0 .arith/sum 32, L_000002684ec0a060, v000002684ec07e00_0;
L_000002684ec098e0 .arith/sum 32, L_000002684ec09c00, v000002684ec07c20_0;
L_000002684ec09980 .arith/sum 32, L_000002684ec0ae20, v000002684ec06820_0;
LS_000002684ec09ac0_0_0 .concat [ 32 32 32 32], L_000002684ec09980, L_000002684ec098e0, L_000002684ec0ace0, L_000002684ec09840;
LS_000002684ec09ac0_0_4 .concat [ 32 32 32 32], L_000002684ec097a0, L_000002684ec09700, L_000002684ec095c0, L_000002684ec09520;
L_000002684ec09ac0 .concat [ 128 128 0 0], LS_000002684ec09ac0_0_0, LS_000002684ec09ac0_0_4;
L_000002684ec9bf80 .concat [ 7 25 0 0], v000002684ec06aa0_0, L_000002684ec41570;
L_000002684ec9bd00 .cmp/eq 32, L_000002684ec9bf80, L_000002684ec415b8;
L_000002684ec9eae0 .concat [ 2 30 0 0], v000002684ec06dc0_0, L_000002684ec41690;
L_000002684ec9f3a0 .cmp/eq 32, L_000002684ec9eae0, L_000002684ec416d8;
S_000002684eb5d4d0 .scope module, "W_machine" "W_machine" 4 275, 4 66 0, S_000002684eb724d0;
 .timescale 0 0;
    .port_info 0 /INPUT 1 "clk";
    .port_info 1 /INPUT 512 "M";
    .port_info 2 /INPUT 1 "M_valid";
    .port_info 3 /OUTPUT 32 "W_tm2";
    .port_info 4 /OUTPUT 32 "W_tm15";
    .port_info 5 /INPUT 32 "s1_Wtm2";
    .port_info 6 /INPUT 32 "s0_Wtm15";
    .port_info 7 /OUTPUT 32 "W";
P_000002684ebbbbe0 .param/l "WORDSIZE" 0 4 66, +C4<00000000000000000000000000100000>;
v000002684ebd34f0_0 .net "M", 511 0, v000002684ec09f20_0;  alias, 1 drivers
v000002684ebd4030_0 .net "M_valid", 0 0, v000002684ec09fc0_0;  alias, 1 drivers
v000002684ebd29b0_0 .net "W", 31 0, L_000002684ec9bb20;  alias, 1 drivers
v000002684ebd2ff0_0 .net "W_stack_d", 511 0, L_000002684ec9b9e0;  1 drivers
v000002684ebd3090_0 .var "W_stack_q", 511 0;
v000002684ebd3590_0 .net "W_tm15", 31 0, L_000002684ec9c8e0;  alias, 1 drivers
v000002684ebd3130_0 .net "W_tm16", 31 0, L_000002684ec9b3a0;  1 drivers
v000002684ebd36d0_0 .net "W_tm2", 31 0, L_000002684ec9c840;  alias, 1 drivers
v000002684ebd3630_0 .net "W_tm7", 31 0, L_000002684ec9b580;  1 drivers
v000002684ebd3310_0 .net "Wt_next", 31 0, L_000002684ec9b620;  1 drivers
v000002684ebd2d70_0 .net *"_ivl_10", 31 0, L_000002684ec9b440;  1 drivers
v000002684ebd4210_0 .net *"_ivl_15", 479 0, L_000002684ec9b940;  1 drivers
v000002684ebd25f0_0 .net *"_ivl_8", 31 0, L_000002684ec9b8a0;  1 drivers
v000002684ebd3f90_0 .net "clk", 0 0, v000002684ec09b60_0;  alias, 1 drivers
v000002684ebd40d0_0 .net "s0_Wtm15", 31 0, L_000002684ebce850;  alias, 1 drivers
v000002684ebd2910_0 .net "s1_Wtm2", 31 0, L_000002684ebb6eb0;  alias, 1 drivers
E_000002684ebbbf60 .event posedge, v000002684ebd3f90_0;
L_000002684ec9c840 .part v000002684ebd3090_0, 32, 32;
L_000002684ec9c8e0 .part v000002684ebd3090_0, 448, 32;
L_000002684ec9b580 .part v000002684ebd3090_0, 192, 32;
L_000002684ec9b3a0 .part v000002684ebd3090_0, 480, 32;
L_000002684ec9b8a0 .arith/sum 32, L_000002684ebb6eb0, L_000002684ec9b580;
L_000002684ec9b440 .arith/sum 32, L_000002684ec9b8a0, L_000002684ebce850;
L_000002684ec9b620 .arith/sum 32, L_000002684ec9b440, L_000002684ec9b3a0;
L_000002684ec9b940 .part v000002684ebd3090_0, 0, 480;
L_000002684ec9b9e0 .concat [ 32 480 0 0], L_000002684ec9b620, L_000002684ec9b940;
L_000002684ec9bb20 .part v000002684ebd3090_0, 480, 32;
S_000002684eb5d660 .scope module, "sha256_K_machine" "sha256_K_machine" 4 284, 4 12 0, S_000002684eb724d0;
 .timescale 0 0;
    .port_info 0 /INPUT 1 "clk";
    .port_info 1 /INPUT 1 "rst";
    .port_info 2 /INPUT 1 "en";
    .port_info 3 /OUTPUT 32 "K";
v000002684ebd3d10_0 .net "K", 31 0, L_000002684ec9d140;  alias, 1 drivers
v000002684ebd2e10_0 .net *"_ivl_1", 2015 0, L_000002684ec9bc60;  1 drivers
v000002684ebd31d0_0 .net *"_ivl_3", 31 0, L_000002684ec9bda0;  1 drivers
v000002684ebd3a90_0 .net "clk", 0 0, v000002684ec09b60_0;  alias, 1 drivers
v000002684ebd2a50_0 .net "en", 0 0, L_000002684ec9f3a0;  1 drivers
v000002684ebd3270_0 .net "rom_d", 2047 0, L_000002684ec9f1c0;  1 drivers
v000002684ebd3b30_0 .var "rom_q", 2047 0;
v000002684ebd33b0_0 .net "rst", 0 0, v000002684ec09fc0_0;  alias, 1 drivers
L_000002684ec9bc60 .part v000002684ebd3b30_0, 0, 2016;
L_000002684ec9bda0 .part v000002684ebd3b30_0, 2016, 32;
L_000002684ec9f1c0 .concat [ 32 2016 0 0], L_000002684ec9bda0, L_000002684ec9bc60;
L_000002684ec9d140 .part v000002684ebd3b30_0, 2016, 32;
S_000002684eb5c410 .scope module, "sha256_round" "sha256_round" 4 264, 4 170 0, S_000002684eb724d0;
 .timescale 0 0;
    .port_info 0 /INPUT 1 "clk";
    .port_info 1 /INPUT 32 "Kj";
    .port_info 2 /INPUT 32 "Wj";
    .port_info 3 /INPUT 32 "a_in";
    .port_info 4 /INPUT 32 "b_in";
    .port_info 5 /INPUT 32 "c_in";
    .port_info 6 /INPUT 32 "d_in";
    .port_info 7 /INPUT 32 "e_in";
    .port_info 8 /INPUT 32 "f_in";
    .port_info 9 /INPUT 32 "g_in";
    .port_info 10 /INPUT 32 "h_in";
    .port_info 11 /OUTPUT 32 "a_out";
    .port_info 12 /OUTPUT 32 "b_out";
    .port_info 13 /OUTPUT 32 "c_out";
    .port_info 14 /OUTPUT 32 "d_out";
    .port_info 15 /OUTPUT 32 "e_out";
    .port_info 16 /OUTPUT 32 "f_out";
    .port_info 17 /OUTPUT 32 "g_out";
    .port_info 18 /OUTPUT 32 "h_out";
v000002684ec03660_0 .net "Ch_e_f_g", 31 0, L_000002684ebcec40;  1 drivers
v000002684ec030c0_0 .net "Kj", 31 0, L_000002684ec9d140;  alias, 1 drivers
v000002684ec035c0_0 .net "Maj_a_b_c", 31 0, L_000002684ebced20;  1 drivers
v000002684ec03ac0_0 .net "S0_a", 31 0, L_000002684ebced90;  1 drivers
v000002684ec03fc0_0 .net "S1_e", 31 0, L_000002684ebce540;  1 drivers
v000002684ec02f80_0 .net "Wj", 31 0, L_000002684ec9bb20;  alias, 1 drivers
v000002684ec03c00_0 .net "a_in", 31 0, L_000002684ec0a380;  alias, 1 drivers
v000002684ec03840_0 .net "a_out", 31 0, L_000002684ec9be40;  alias, 1 drivers
v000002684ec03700_0 .net "b_in", 31 0, L_000002684ec0a420;  alias, 1 drivers
v000002684ec02760_0 .net "b_out", 31 0, v000002684ec00d90_0;  alias, 1 drivers
v000002684ec04060_0 .net "c_in", 31 0, L_000002684ec09ca0;  alias, 1 drivers
v000002684ec03de0_0 .net "c_out", 31 0, v000002684ec00930_0;  alias, 1 drivers
v000002684ec023a0_0 .net "clk", 0 0, v000002684ec09b60_0;  alias, 1 drivers
v000002684ec02a80_0 .net "d_in", 31 0, L_000002684ec0af60;  alias, 1 drivers
v000002684ec03200_0 .net "d_out", 31 0, v000002684ec01c90_0;  alias, 1 drivers
v000002684ec032a0_0 .net "e_in", 31 0, L_000002684ec0a7e0;  alias, 1 drivers
v000002684ec033e0_0 .net "e_out", 31 0, L_000002684ec9c2a0;  alias, 1 drivers
v000002684ec02940_0 .net "f_in", 31 0, L_000002684ec093e0;  alias, 1 drivers
v000002684ec03520_0 .net "f_out", 31 0, v000002684ec01d30_0;  alias, 1 drivers
v000002684ec03340_0 .net "g_in", 31 0, L_000002684ec0ab00;  alias, 1 drivers
v000002684ec029e0_0 .net "g_out", 31 0, v000002684ec00570_0;  alias, 1 drivers
v000002684ec021c0_0 .net "h_in", 31 0, L_000002684ec0ac40;  alias, 1 drivers
v000002684ec037a0_0 .net "h_out", 31 0, v000002684ec02440_0;  alias, 1 drivers
S_000002684eb5c5a0 .scope module, "Ch" "Ch" 4 179, 4 104 0, S_000002684eb5c410;
 .timescale 0 0;
    .port_info 0 /INPUT 32 "x";
    .port_info 1 /INPUT 32 "y";
    .port_info 2 /INPUT 32 "z";
    .port_info 3 /OUTPUT 32 "Ch";
P_000002684ebbc0a0 .param/l "WORDSIZE" 0 4 104, +C4<00000000000000000000000000100000>;
L_000002684ebceb60 .functor AND 32, L_000002684ec0a7e0, L_000002684ec093e0, C4<11111111111111111111111111111111>, C4<11111111111111111111111111111111>;
L_000002684ebce380 .functor NOT 32, L_000002684ec0a7e0, C4<00000000000000000000000000000000>, C4<00000000000000000000000000000000>, C4<00000000000000000000000000000000>;
L_000002684ebcf030 .functor AND 32, L_000002684ebce380, L_000002684ec0ab00, C4<11111111111111111111111111111111>, C4<11111111111111111111111111111111>;
L_000002684ebcec40 .functor XOR 32, L_000002684ebceb60, L_000002684ebcf030, C4<00000000000000000000000000000000>, C4<00000000000000000000000000000000>;
v000002684ebd4170_0 .net "Ch", 31 0, L_000002684ebcec40;  alias, 1 drivers
v000002684ebd3450_0 .net *"_ivl_0", 31 0, L_000002684ebceb60;  1 drivers
v000002684ebd39f0_0 .net *"_ivl_2", 31 0, L_000002684ebce380;  1 drivers
v000002684ebd3810_0 .net *"_ivl_4", 31 0, L_000002684ebcf030;  1 drivers
v000002684ebd2eb0_0 .net "x", 31 0, L_000002684ec0a7e0;  alias, 1 drivers
v000002684ebd2af0_0 .net "y", 31 0, L_000002684ec093e0;  alias, 1 drivers
v000002684ebd42b0_0 .net "z", 31 0, L_000002684ec0ab00;  alias, 1 drivers
S_000002684eb7d660 .scope module, "Maj" "Maj" 4 183, 4 120 0, S_000002684eb5c410;
 .timescale 0 0;
    .port_info 0 /INPUT 32 "x";
    .port_info 1 /INPUT 32 "y";
    .port_info 2 /INPUT 32 "z";
    .port_info 3 /OUTPUT 32 "Maj";
P_000002684ebbc560 .param/l "WORDSIZE" 0 4 120, +C4<00000000000000000000000000100000>;
L_000002684ebcefc0 .functor AND 32, L_000002684ec0a380, L_000002684ec0a420, C4<11111111111111111111111111111111>, C4<11111111111111111111111111111111>;
L_000002684ebcee70 .functor AND 32, L_000002684ec0a380, L_000002684ec09ca0, C4<11111111111111111111111111111111>, C4<11111111111111111111111111111111>;
L_000002684ebce700 .functor XOR 32, L_000002684ebcefc0, L_000002684ebcee70, C4<00000000000000000000000000000000>, C4<00000000000000000000000000000000>;
L_000002684ebce930 .functor AND 32, L_000002684ec0a420, L_000002684ec09ca0, C4<11111111111111111111111111111111>, C4<11111111111111111111111111111111>;
L_000002684ebced20 .functor XOR 32, L_000002684ebce700, L_000002684ebce930, C4<00000000000000000000000000000000>, C4<00000000000000000000000000000000>;
v000002684ebd38b0_0 .net "Maj", 31 0, L_000002684ebced20;  alias, 1 drivers
v000002684ebd3950_0 .net *"_ivl_0", 31 0, L_000002684ebcefc0;  1 drivers
v000002684ebd4350_0 .net *"_ivl_2", 31 0, L_000002684ebcee70;  1 drivers
v000002684ebd3bd0_0 .net *"_ivl_4", 31 0, L_000002684ebce700;  1 drivers
v000002684ebd2b90_0 .net *"_ivl_6", 31 0, L_000002684ebce930;  1 drivers
v000002684ebd3c70_0 .net "x", 31 0, L_000002684ec0a380;  alias, 1 drivers
v000002684ebd3db0_0 .net "y", 31 0, L_000002684ec0a420;  alias, 1 drivers
v000002684ebd3e50_0 .net "z", 31 0, L_000002684ec09ca0;  alias, 1 drivers
S_000002684eb7d7f0 .scope module, "S0" "sha256_S0" 4 187, 4 112 0, S_000002684eb5c410;
 .timescale 0 0;
    .port_info 0 /INPUT 32 "x";
    .port_info 1 /OUTPUT 32 "S0";
L_000002684ebceee0 .functor XOR 32, L_000002684ec9cb60, L_000002684ec9cde0, C4<00000000000000000000000000000000>, C4<00000000000000000000000000000000>;
L_000002684ebced90 .functor XOR 32, L_000002684ebceee0, L_000002684ec9b1c0, C4<00000000000000000000000000000000>, C4<00000000000000000000000000000000>;
v000002684ebd3ef0_0 .net "S0", 31 0, L_000002684ebced90;  alias, 1 drivers
v000002684ebd2c30_0 .net *"_ivl_1", 1 0, L_000002684ec9c0c0;  1 drivers
v000002684ebd43f0_0 .net *"_ivl_10", 31 0, L_000002684ec9cde0;  1 drivers
v000002684ebd2690_0 .net *"_ivl_12", 31 0, L_000002684ebceee0;  1 drivers
v000002684ebd2550_0 .net *"_ivl_15", 21 0, L_000002684ec9ca20;  1 drivers
v000002684ebd2730_0 .net *"_ivl_17", 9 0, L_000002684ec9c160;  1 drivers
v000002684ebd27d0_0 .net *"_ivl_18", 31 0, L_000002684ec9b1c0;  1 drivers
v000002684ebd2870_0 .net *"_ivl_3", 29 0, L_000002684ec9bee0;  1 drivers
v000002684ebb9f50_0 .net *"_ivl_4", 31 0, L_000002684ec9cb60;  1 drivers
v000002684ebb9ff0_0 .net *"_ivl_7", 12 0, L_000002684ec9ba80;  1 drivers
v000002684ebad210_0 .net *"_ivl_9", 18 0, L_000002684ec9c020;  1 drivers
v000002684ec01010_0 .net "x", 31 0, L_000002684ec0a380;  alias, 1 drivers
L_000002684ec9c0c0 .part L_000002684ec0a380, 0, 2;
L_000002684ec9bee0 .part L_000002684ec0a380, 2, 30;
L_000002684ec9cb60 .concat [ 30 2 0 0], L_000002684ec9bee0, L_000002684ec9c0c0;
L_000002684ec9ba80 .part L_000002684ec0a380, 0, 13;
L_000002684ec9c020 .part L_000002684ec0a380, 13, 19;
L_000002684ec9cde0 .concat [ 19 13 0 0], L_000002684ec9c020, L_000002684ec9ba80;
L_000002684ec9ca20 .part L_000002684ec0a380, 0, 22;
L_000002684ec9c160 .part L_000002684ec0a380, 22, 10;
L_000002684ec9b1c0 .concat [ 10 22 0 0], L_000002684ec9c160, L_000002684ec9ca20;
S_000002684eb82980 .scope module, "S1" "sha256_S1" 4 191, 4 96 0, S_000002684eb5c410;
 .timescale 0 0;
    .port_info 0 /INPUT 32 "x";
    .port_info 1 /OUTPUT 32 "S1";
L_000002684ebce8c0 .functor XOR 32, L_000002684ec9b4e0, L_000002684ec9c200, C4<00000000000000000000000000000000>, C4<00000000000000000000000000000000>;
L_000002684ebce540 .functor XOR 32, L_000002684ebce8c0, L_000002684ec9b800, C4<00000000000000000000000000000000>, C4<00000000000000000000000000000000>;
v000002684ec00750_0 .net "S1", 31 0, L_000002684ebce540;  alias, 1 drivers
v000002684ec01fb0_0 .net *"_ivl_1", 5 0, L_000002684ec9cac0;  1 drivers
v000002684ec00f70_0 .net *"_ivl_10", 31 0, L_000002684ec9c200;  1 drivers
v000002684ec009d0_0 .net *"_ivl_12", 31 0, L_000002684ebce8c0;  1 drivers
v000002684ec016f0_0 .net *"_ivl_15", 24 0, L_000002684ec9bbc0;  1 drivers
v000002684ec00a70_0 .net *"_ivl_17", 6 0, L_000002684ec9c980;  1 drivers
v000002684ec007f0_0 .net *"_ivl_18", 31 0, L_000002684ec9b800;  1 drivers
v000002684ec010b0_0 .net *"_ivl_3", 25 0, L_000002684ec9cca0;  1 drivers
v000002684ec01bf0_0 .net *"_ivl_4", 31 0, L_000002684ec9b4e0;  1 drivers
v000002684ec01dd0_0 .net *"_ivl_7", 10 0, L_000002684ec9b760;  1 drivers
v000002684ec00610_0 .net *"_ivl_9", 20 0, L_000002684ec9c340;  1 drivers
v000002684ec013d0_0 .net "x", 31 0, L_000002684ec0a7e0;  alias, 1 drivers
L_000002684ec9cac0 .part L_000002684ec0a7e0, 0, 6;
L_000002684ec9cca0 .part L_000002684ec0a7e0, 6, 26;
L_000002684ec9b4e0 .concat [ 26 6 0 0], L_000002684ec9cca0, L_000002684ec9cac0;
L_000002684ec9b760 .part L_000002684ec0a7e0, 0, 11;
L_000002684ec9c340 .part L_000002684ec0a7e0, 11, 21;
L_000002684ec9c200 .concat [ 21 11 0 0], L_000002684ec9c340, L_000002684ec9b760;
L_000002684ec9bbc0 .part L_000002684ec0a7e0, 0, 25;
L_000002684ec9c980 .part L_000002684ec0a7e0, 25, 7;
L_000002684ec9b800 .concat [ 7 25 0 0], L_000002684ec9c980, L_000002684ec9bbc0;
S_000002684eb82b10 .scope module, "sha256_round_inner" "sha2_round" 4 195, 4 128 0, S_000002684eb5c410;
 .timescale 0 0;
    .port_info 0 /INPUT 1 "clk";
    .port_info 1 /INPUT 32 "Kj";
    .port_info 2 /INPUT 32 "Wj";
    .port_info 3 /INPUT 32 "a_in";
    .port_info 4 /INPUT 32 "b_in";
    .port_info 5 /INPUT 32 "c_in";
    .port_info 6 /INPUT 32 "d_in";
    .port_info 7 /INPUT 32 "e_in";
    .port_info 8 /INPUT 32 "f_in";
    .port_info 9 /INPUT 32 "g_in";
    .port_info 10 /INPUT 32 "h_in";
    .port_info 11 /INPUT 32 "Ch_e_f_g";
    .port_info 12 /INPUT 32 "Maj_a_b_c";
    .port_info 13 /INPUT 32 "S0_a";
    .port_info 14 /INPUT 32 "S1_e";
    .port_info 15 /OUTPUT 32 "a_out";
    .port_info 16 /OUTPUT 32 "b_out";
    .port_info 17 /OUTPUT 32 "c_out";
    .port_info 18 /OUTPUT 32 "d_out";
    .port_info 19 /OUTPUT 32 "e_out";
    .port_info 20 /OUTPUT 32 "f_out";
    .port_info 21 /OUTPUT 32 "g_out";
    .port_info 22 /OUTPUT 32 "h_out";
P_000002684ebbc160 .param/l "WORDSIZE" 0 4 128, +C4<00000000000000000000000000100000>;
v000002684ec01330_0 .net "Ch_e_f_g", 31 0, L_000002684ebcec40;  alias, 1 drivers
v000002684ec011f0_0 .net "Kj", 31 0, L_000002684ec9d140;  alias, 1 drivers
v000002684ec015b0_0 .var "Kj_q", 31 0;
v000002684ec01ab0_0 .net "Maj_a_b_c", 31 0, L_000002684ebced20;  alias, 1 drivers
v000002684ec00b10_0 .net "S0_a", 31 0, L_000002684ebced90;  alias, 1 drivers
v000002684ec006b0_0 .net "S1_e", 31 0, L_000002684ebce540;  alias, 1 drivers
v000002684ec00cf0_0 .var "T1_partial_q1", 31 0;
v000002684ec01790_0 .var "T1_q2", 31 0;
v000002684ec01150_0 .var "T2_q1", 31 0;
v000002684ec01290_0 .var "T2_q2", 31 0;
v000002684ec01b50_0 .net "Wj", 31 0, L_000002684ec9bb20;  alias, 1 drivers
v000002684ec01650_0 .var "Wj_q", 31 0;
v000002684ec00bb0_0 .net "a_in", 31 0, L_000002684ec0a380;  alias, 1 drivers
v000002684ec00c50_0 .net "a_out", 31 0, L_000002684ec9be40;  alias, 1 drivers
v000002684ec01470_0 .var "a_q1", 31 0;
v000002684ec00d90_0 .var "a_q2", 31 0;
v000002684ec00890_0 .net "b_in", 31 0, L_000002684ec0a420;  alias, 1 drivers
v000002684ec002f0_0 .net "b_out", 31 0, v000002684ec00d90_0;  alias, 1 drivers
v000002684ec01830_0 .var "b_q1", 31 0;
v000002684ec00930_0 .var "b_q2", 31 0;
v000002684ec01510_0 .net "c_in", 31 0, L_000002684ec09ca0;  alias, 1 drivers
v000002684ec018d0_0 .net "c_out", 31 0, v000002684ec00930_0;  alias, 1 drivers
v000002684ec00e30_0 .var "c_q1", 31 0;
v000002684ec01c90_0 .var "c_q2", 31 0;
v000002684ec01970_0 .net "clk", 0 0, v000002684ec09b60_0;  alias, 1 drivers
v000002684ec00ed0_0 .net "d_in", 31 0, L_000002684ec0af60;  alias, 1 drivers
v000002684ec01a10_0 .net "d_out", 31 0, v000002684ec01c90_0;  alias, 1 drivers
v000002684ec00250_0 .var "d_q1", 31 0;
v000002684ec02050_0 .var "d_q2", 31 0;
v000002684ec001b0_0 .net "e_in", 31 0, L_000002684ec0a7e0;  alias, 1 drivers
v000002684ec00390_0 .net "e_out", 31 0, L_000002684ec9c2a0;  alias, 1 drivers
v000002684ec00430_0 .var "e_q1", 31 0;
v000002684ec01d30_0 .var "e_q2", 31 0;
v000002684ec01e70_0 .net "f_in", 31 0, L_000002684ec093e0;  alias, 1 drivers
v000002684ec01f10_0 .net "f_out", 31 0, v000002684ec01d30_0;  alias, 1 drivers
v000002684ec004d0_0 .var "f_q1", 31 0;
v000002684ec00570_0 .var "f_q2", 31 0;
v000002684ec03480_0 .net "g_in", 31 0, L_000002684ec0ab00;  alias, 1 drivers
v000002684ec028a0_0 .net "g_out", 31 0, v000002684ec00570_0;  alias, 1 drivers
v000002684ec02bc0_0 .var "g_q1", 31 0;
v000002684ec02440_0 .var "g_q2", 31 0;
v000002684ec03b60_0 .net "h_in", 31 0, L_000002684ec0ac40;  alias, 1 drivers
v000002684ec03160_0 .net "h_out", 31 0, v000002684ec02440_0;  alias, 1 drivers
L_000002684ec9be40 .arith/sum 32, v000002684ec01790_0, v000002684ec01290_0;
L_000002684ec9c2a0 .arith/sum 32, v000002684ec02050_0, v000002684ec01790_0;
S_000002684eb6b0e0 .scope module, "sha256_s0" "sha256_s0" 4 272, 4 50 0, S_000002684eb724d0;
 .timescale 0 0;
    .port_info 0 /INPUT 32 "x";
    .port_info 1 /OUTPUT 32 "s0";
L_000002684ebce7e0 .functor XOR 32, L_000002684ec9cd40, L_000002684ec9cf20, C4<00000000000000000000000000000000>, C4<00000000000000000000000000000000>;
L_000002684ebce850 .functor XOR 32, L_000002684ebce7e0, L_000002684ec9c480, C4<00000000000000000000000000000000>, C4<00000000000000000000000000000000>;
v000002684ec024e0_0 .net *"_ivl_1", 6 0, L_000002684ec9cc00;  1 drivers
v000002684ec03f20_0 .net *"_ivl_10", 31 0, L_000002684ec9cf20;  1 drivers
v000002684ec03020_0 .net *"_ivl_12", 31 0, L_000002684ebce7e0;  1 drivers
v000002684ec03980_0 .net *"_ivl_14", 31 0, L_000002684ec9c480;  1 drivers
v000002684ec03a20_0 .net *"_ivl_16", 28 0, L_000002684ec9b6c0;  1 drivers
L_000002684ec41600 .functor BUFT 1, C4<000>, C4<0>, C4<0>, C4<0>;
v000002684ec03ca0_0 .net *"_ivl_18", 2 0, L_000002684ec41600;  1 drivers
v000002684ec02800_0 .net *"_ivl_3", 24 0, L_000002684ec9c7a0;  1 drivers
v000002684ec03e80_0 .net *"_ivl_4", 31 0, L_000002684ec9cd40;  1 drivers
v000002684ec03d40_0 .net *"_ivl_7", 17 0, L_000002684ec9ce80;  1 drivers
v000002684ec02260_0 .net *"_ivl_9", 13 0, L_000002684ec9c3e0;  1 drivers
v000002684ec02300_0 .net "s0", 31 0, L_000002684ebce850;  alias, 1 drivers
v000002684ec02580_0 .net "x", 31 0, L_000002684ec9c8e0;  alias, 1 drivers
L_000002684ec9cc00 .part L_000002684ec9c8e0, 0, 7;
L_000002684ec9c7a0 .part L_000002684ec9c8e0, 7, 25;
L_000002684ec9cd40 .concat [ 25 7 0 0], L_000002684ec9c7a0, L_000002684ec9cc00;
L_000002684ec9ce80 .part L_000002684ec9c8e0, 0, 18;
L_000002684ec9c3e0 .part L_000002684ec9c8e0, 18, 14;
L_000002684ec9cf20 .concat [ 14 18 0 0], L_000002684ec9c3e0, L_000002684ec9ce80;
L_000002684ec9b6c0 .part L_000002684ec9c8e0, 3, 29;
L_000002684ec9c480 .concat [ 29 3 0 0], L_000002684ec9b6c0, L_000002684ec41600;
S_000002684eb6b270 .scope module, "sha256_s1" "sha256_s1" 4 273, 4 58 0, S_000002684eb724d0;
 .timescale 0 0;
    .port_info 0 /INPUT 32 "x";
    .port_info 1 /OUTPUT 32 "s1";
L_000002684ebce9a0 .functor XOR 32, L_000002684ec9b120, L_000002684ec9b300, C4<00000000000000000000000000000000>, C4<00000000000000000000000000000000>;
L_000002684ebb6eb0 .functor XOR 32, L_000002684ebce9a0, L_000002684ec9c700, C4<00000000000000000000000000000000>, C4<00000000000000000000000000000000>;
v000002684ec02620_0 .net *"_ivl_1", 16 0, L_000002684ec9c520;  1 drivers
v000002684ec026c0_0 .net *"_ivl_10", 31 0, L_000002684ec9b300;  1 drivers
v000002684ec02b20_0 .net *"_ivl_12", 31 0, L_000002684ebce9a0;  1 drivers
v000002684ec02c60_0 .net *"_ivl_14", 31 0, L_000002684ec9c700;  1 drivers
v000002684ec02d00_0 .net *"_ivl_16", 21 0, L_000002684ec9b260;  1 drivers
L_000002684ec41648 .functor BUFT 1, C4<0000000000>, C4<0>, C4<0>, C4<0>;
v000002684ec02da0_0 .net *"_ivl_18", 9 0, L_000002684ec41648;  1 drivers
v000002684ec02e40_0 .net *"_ivl_3", 14 0, L_000002684ec9c5c0;  1 drivers
v000002684ec02ee0_0 .net *"_ivl_4", 31 0, L_000002684ec9b120;  1 drivers
v000002684ebd3770_0 .net *"_ivl_7", 18 0, L_000002684ec9c660;  1 drivers
v000002684ec05cb0_0 .net *"_ivl_9", 12 0, L_000002684ec9cfc0;  1 drivers
v000002684ec05530_0 .net "s1", 31 0, L_000002684ebb6eb0;  alias, 1 drivers
v000002684ec05670_0 .net "x", 31 0, L_000002684ec9c840;  alias, 1 drivers
L_000002684ec9c520 .part L_000002684ec9c840, 0, 17;
L_000002684ec9c5c0 .part L_000002684ec9c840, 17, 15;
L_000002684ec9b120 .concat [ 15 17 0 0], L_000002684ec9c5c0, L_000002684ec9c520;
L_000002684ec9c660 .part L_000002684ec9c840, 0, 19;
L_000002684ec9cfc0 .part L_000002684ec9c840, 19, 13;
L_000002684ec9b300 .concat [ 13 19 0 0], L_000002684ec9cfc0, L_000002684ec9c660;
L_000002684ec9b260 .part L_000002684ec9c840, 10, 22;
L_000002684ec9c700 .concat [ 22 10 0 0], L_000002684ec9b260, L_000002684ec41648;
    .scope S_000002684eb82b10;
T_0 ;
    %wait E_000002684ebbbf60;
    %load/vec4 v000002684ec03b60_0;
    %load/vec4 v000002684ec006b0_0;
    %add;
    %load/vec4 v000002684ec01330_0;
    %add;
    %assign/vec4 v000002684ec00cf0_0, 0;
    %load/vec4 v000002684ec00b10_0;
    %load/vec4 v000002684ec01ab0_0;
    %add;
    %assign/vec4 v000002684ec01150_0, 0;
    %load/vec4 v000002684ec011f0_0;
    %assign/vec4 v000002684ec015b0_0, 0;
    %load/vec4 v000002684ec01b50_0;
    %assign/vec4 v000002684ec01650_0, 0;
    %load/vec4 v000002684ec00bb0_0;
    %assign/vec4 v000002684ec01470_0, 0;
    %load/vec4 v000002684ec00890_0;
    %assign/vec4 v000002684ec01830_0, 0;
    %load/vec4 v000002684ec01510_0;
    %assign/vec4 v000002684ec00e30_0, 0;
    %load/vec4 v000002684ec00ed0_0;
    %assign/vec4 v000002684ec00250_0, 0;
    %load/vec4 v000002684ec001b0_0;
    %assign/vec4 v000002684ec00430_0, 0;
    %load/vec4 v000002684ec01e70_0;
    %assign/vec4 v000002684ec004d0_0, 0;
    %load/vec4 v000002684ec03480_0;
    %assign/vec4 v000002684ec02bc0_0, 0;
    %load/vec4 v000002684ec00cf0_0;
    %load/vec4 v000002684ec015b0_0;
    %add;
    %load/vec4 v000002684ec01650_0;
    %add;
    %assign/vec4 v000002684ec01790_0, 0;
    %load/vec4 v000002684ec01150_0;
    %assign/vec4 v000002684ec01290_0, 0;
    %load/vec4 v000002684ec01470_0;
    %assign/vec4 v000002684ec00d90_0, 0;
    %load/vec4 v000002684ec01830_0;
    %assign/vec4 v000002684ec00930_0, 0;
    %load/vec4 v000002684ec00e30_0;
    %assign/vec4 v000002684ec01c90_0, 0;
    %load/vec4 v000002684ec00250_0;
    %assign/vec4 v000002684ec02050_0, 0;
    %load/vec4 v000002684ec00430_0;
    %assign/vec4 v000002684ec01d30_0, 0;
    %load/vec4 v000002684ec004d0_0;
    %assign/vec4 v000002684ec00570_0, 0;
    %load/vec4 v000002684ec02bc0_0;
    %assign/vec4 v000002684ec02440_0, 0;
    %jmp T_0;
    .thread T_0;
    .scope S_000002684eb5d4d0;
T_1 ;
    %wait E_000002684ebbbf60;
    %load/vec4 v000002684ebd4030_0;
    %flag_set/vec4 8;
    %jmp/0xz  T_1.0, 8;
    %load/vec4 v000002684ebd34f0_0;
    %assign/vec4 v000002684ebd3090_0, 0;
    %jmp T_1.1;
T_1.0 ;
    %load/vec4 v000002684ebd2ff0_0;
    %assign/vec4 v000002684ebd3090_0, 0;
T_1.1 ;
    %jmp T_1;
    .thread T_1;
    .scope S_000002684eb5d660;
T_2 ;
    %wait E_000002684ebbbf60;
    %load/vec4 v000002684ebd33b0_0;
    %flag_set/vec4 8;
    %jmp/0xz  T_2.0, 8;
    %pushi/vec4 2232704816, 0, 33;
    %concati/vec4 3798894883, 0, 32;
    %concati/vec4 3607359295, 0, 33;
    %concati/vec4 2799136404, 0, 32;
    %concati/vec4 3847948653, 0, 32;
    %concati/vec4 3481833356, 0, 33;
    %concati/vec4 2449216805, 0, 32;
    %concati/vec4 2982538589, 0, 33;
    %concati/vec4 2155522433, 0, 32;
    %concati/vec4 2698428489, 0, 34;
    %concati/vec4 3323394388, 0, 36;
    %concati/vec4 3353098027, 0, 34;
    %concati/vec4 3856091149, 0, 32;
    %concati/vec4 3944737213, 0, 32;
    %concati/vec4 3228204057, 0, 32;
    %concati/vec4 3205975625, 0, 32;
    %concati/vec4 3063684859, 0, 32;
    %concati/vec4 3833094396, 0, 32;
    %concati/vec4 3470987782, 0, 35;
    %concati/vec4 2714512873, 0, 33;
    %concati/vec4 2981964242, 0, 34;
    %concati/vec4 2504758805, 0, 35;
    %concati/vec4 3996875972, 0, 34;
    %concati/vec4 3667410513, 0, 33;
    %concati/vec4 2773509004, 0, 33;
    %concati/vec4 3680503375, 0, 32;
    %concati/vec4 2440999679, 0, 32;
    %concati/vec4 2408431639, 0, 32;
    %concati/vec4 3886763810, 0, 32;
    %concati/vec4 2383254726, 0, 32;
    %concati/vec4 2720551506, 0, 32;
    %concati/vec4 3461312021, 0, 32;
    %concati/vec4 2781045799, 0, 36;
    %concati/vec4 2589514744, 0, 36;
    %concati/vec4 2792364582, 0, 32;
    %concati/vec4 3390367400, 0, 32;
    %concati/vec4 3973322103, 0, 32;
    %concati/vec4 3781465929, 0, 38;
    %concati/vec4 3831040837, 0, 34;
    %concati/vec4 4288841376, 0, 33;
    %concati/vec4 3543293458, 0, 33;
    %concati/vec4 3099004022, 0, 33;
    %concati/vec4 3306831129, 0, 32;
    %concati/vec4 3120985510, 0, 34;
    %concati/vec4 2199026183, 0, 33;
    %concati/vec4 3591651754, 0, 35;
    %concati/vec4 2176870035, 0, 32;
    %concati/vec4 2333023158, 0, 37;
    %concati/vec4 2188674932, 0, 37;
    %concati/vec4 3276475339, 0, 32;
    %concati/vec4 2804122006, 0, 33;
    %concati/vec4 3551931026, 0, 33;
    %concati/vec4 2531734163, 0, 32;
    %concati/vec4 3658193916, 0, 32;
    %concati/vec4 3710116027, 0, 32;
    %concati/vec4 2653509851, 0, 32;
    %concati/vec4 3778158085, 0, 32;
    %concati/vec4 2361852424, 0, 34;
    %concati/vec4 2428436474, 0, 32;
    %concati/vec4 2756734187, 0, 32;
    %concati/vec4 3204031479, 0, 32;
    %concati/vec4 3329325298, 0, 32;
    %assign/vec4 v000002684ebd3b30_0, 0;
    %jmp T_2.1;
T_2.0 ;
    %load/vec4 v000002684ebd2a50_0;
    %flag_set/vec4 8;
    %jmp/0xz  T_2.2, 8;
    %load/vec4 v000002684ebd3270_0;
    %assign/vec4 v000002684ebd3b30_0, 0;
T_2.2 ;
T_2.1 ;
    %jmp T_2;
    .thread T_2;
    .scope S_000002684eb724d0;
T_3 ;
    %wait E_000002684ebbbf60;
    %load/vec4 v000002684ec06be0_0;
    %flag_set/vec4 8;
    %jmp/0xz  T_3.0, 8;
    %pushi/vec4 0, 0, 7;
    %assign/vec4 v000002684ec06aa0_0, 0;
    %pushi/vec4 2, 0, 2;
    %assign/vec4 v000002684ec06dc0_0, 0;
    %jmp T_3.1;
T_3.0 ;
    %load/vec4 v000002684ec06960_0;
    %flag_set/vec4 8;
    %jmp/0xz  T_3.2, 8;
    %load/vec4 v000002684ec06280_0;
    %assign/vec4 v000002684ec07400_0, 0;
    %load/vec4 v000002684ec07cc0_0;
    %assign/vec4 v000002684ec066e0_0, 0;
    %load/vec4 v000002684ec06b40_0;
    %assign/vec4 v000002684ec06fa0_0, 0;
    %load/vec4 v000002684ec08080_0;
    %assign/vec4 v000002684ec06320_0, 0;
    %load/vec4 v000002684ec077c0_0;
    %assign/vec4 v000002684ec07b80_0, 0;
    %load/vec4 v000002684ec063c0_0;
    %assign/vec4 v000002684ec07e00_0, 0;
    %load/vec4 v000002684ec075e0_0;
    %assign/vec4 v000002684ec07c20_0, 0;
    %load/vec4 v000002684ec07f40_0;
    %assign/vec4 v000002684ec06820_0, 0;
    %pushi/vec4 0, 0, 7;
    %assign/vec4 v000002684ec06aa0_0, 0;
    %pushi/vec4 2, 0, 2;
    %assign/vec4 v000002684ec06dc0_0, 0;
    %jmp T_3.3;
T_3.2 ;
    %load/vec4 v000002684ec06dc0_0;
    %pad/u 32;
    %cmpi/u 0, 0, 32;
    %flag_or 5, 4; GT is !LE
    %flag_inv 5;
    %jmp/0xz  T_3.4, 5;
    %load/vec4 v000002684ec06dc0_0;
    %subi 1, 0, 2;
    %assign/vec4 v000002684ec06dc0_0, 0;
    %jmp T_3.5;
T_3.4 ;
    %load/vec4 v000002684ec07a40_0;
    %assign/vec4 v000002684ec07400_0, 0;
    %load/vec4 v000002684ec06640_0;
    %assign/vec4 v000002684ec066e0_0, 0;
    %load/vec4 v000002684ec06460_0;
    %assign/vec4 v000002684ec06fa0_0, 0;
    %load/vec4 v000002684ec07fe0_0;
    %assign/vec4 v000002684ec06320_0, 0;
    %load/vec4 v000002684ec079a0_0;
    %assign/vec4 v000002684ec07b80_0, 0;
    %load/vec4 v000002684ec07540_0;
    %assign/vec4 v000002684ec07e00_0, 0;
    %load/vec4 v000002684ec065a0_0;
    %assign/vec4 v000002684ec07c20_0, 0;
    %load/vec4 v000002684ec07ea0_0;
    %assign/vec4 v000002684ec06820_0, 0;
    %load/vec4 v000002684ec06aa0_0;
    %addi 1, 0, 7;
    %assign/vec4 v000002684ec06aa0_0, 0;
T_3.5 ;
T_3.3 ;
T_3.1 ;
    %jmp T_3;
    .thread T_3;
    .scope S_000002684eb9cac0;
T_4 ;
    %delay 5000, 0;
    %load/vec4 v000002684ec09b60_0;
    %inv;
    %store/vec4 v000002684ec09b60_0, 0, 1;
    %jmp T_4;
    .thread T_4;
    .scope S_000002684eb9cac0;
T_5 ;
    %vpi_call/w 3 25 "$dumpfile", "sha256.vcd" {0 0 0};
    %vpi_call/w 3 26 "$dumpvars", 32'sb00000000000000000000000000000000, S_000002684eb9cac0 {0 0 0};
    %pushi/vec4 0, 0, 1;
    %store/vec4 v000002684ec09b60_0, 0, 1;
    %pushi/vec4 1, 0, 1;
    %store/vec4 v000002684ec0a920_0, 0, 1;
    %pushi/vec4 0, 0, 1;
    %store/vec4 v000002684ec09fc0_0, 0, 1;
    %pushi/vec4 0, 0, 512;
    %store/vec4 v000002684ec09f20_0, 0, 512;
    %delay 20000, 0;
    %pushi/vec4 0, 0, 1;
    %store/vec4 v000002684ec0a920_0, 0, 1;
    %pushi/vec4 3267675904, 0, 33;
    %concati/vec4 24, 0, 479;
    %store/vec4 v000002684ec09f20_0, 0, 512;
    %delay 10000, 0;
    %pushi/vec4 1, 0, 1;
    %store/vec4 v000002684ec09fc0_0, 0, 1;
    %delay 10000, 0;
    %pushi/vec4 0, 0, 1;
    %store/vec4 v000002684ec09fc0_0, 0, 1;
    %wait E_000002684ebbc920;
    %delay 1000, 0;
    %vpi_call/w 3 42 "$display", "SHA256 = %h", v000002684ec0a560_0 {0 0 0};
    %vpi_call/w 3 43 "$finish" {0 0 0};
    %end;
    .thread T_5;
# The file index is used to find the file name in the following table.
:file_names 5;
    "N/A";
    "<interactive>";
    "-";
    "tb_sha256.v";
    "sha_all_original_p.v";
